<?xml version="1.0" encoding="UTF-8"?>
<!-- Generated by org.testng.reporters.JUnitXMLReporter -->
<testsuite hostname="NOI-43JCHC2" ignored="0" tests="0" failures="0" timestamp="04 Apr 2019 16:28:35 GMT" time="0.058" errors="0">
  <testcase name="@BeforeTest launch" time="0.0" classname="Selenium.ParallelExecution">
    <failure type="org.testng.TestNGException" message="
Parameter &amp;apos;browser&amp;apos; is required by BeforeTest on method launch but has not been marked @Optional or defined
in C:\Workspace\com.practiceSuite\testng.xml">
      <![CDATA[org.testng.TestNGException: 
Parameter 'browser' is required by BeforeTest on method launch but has not been marked @Optional or defined
in C:\Workspace\com.practiceSuite\testng.xml
... Removed 21 stack frames]]>
    </failure>
  </testcase> <!-- @BeforeTest launch -->
</testsuite>
